<?xml version="1.0" encoding="UTF-8"?>
<testsuite xmlns:xsi="http://www.w3.org/2001/XMLSchema-instance" xsi:noNamespaceSchemaLocation="https://maven.apache.org/surefire/maven-surefire-plugin/xsd/surefire-test-report-3.0.xsd" version="3.0" name="com.fisa.zuulserver.ZuulServerApplicationTests" time="2.715" tests="1" errors="0" skipped="0" failures="0">
  <properties>
    <property name="java.specification.version" value="22"/>
    <property name="sun.jnu.encoding" value="UTF-8"/>
    <property name="java.class.path" value="/Users/papemayeldiagnethiam/Desktop/FISA INFO 4/Architecture Service/Tp-E-Commerce/zuul-server/target/test-classes:/Users/papemayeldiagnethiam/Desktop/FISA INFO 4/Architecture Service/Tp-E-Commerce/zuul-server/target/classes:/Users/papemayeldiagnethiam/.m2/repository/org/springframework/cloud/spring-cloud-starter-config/4.1.1/spring-cloud-starter-config-4.1.1.jar:/Users/papemayeldiagnethiam/.m2/repository/org/springframework/cloud/spring-cloud-starter/4.1.2/spring-cloud-starter-4.1.2.jar:/Users/papemayeldiagnethiam/.m2/repository/org/springframework/cloud/spring-cloud-context/4.1.2/spring-cloud-context-4.1.2.jar:/Users/papemayeldiagnethiam/.m2/repository/org/springframework/security/spring-security-crypto/6.2.4/spring-security-crypto-6.2.4.jar:/Users/papemayeldiagnethiam/.m2/repository/org/springframework/cloud/spring-cloud-commons/4.1.2/spring-cloud-commons-4.1.2.jar:/Users/papemayeldiagnethiam/.m2/repository/org/springframework/security/spring-security-rsa/1.1.2/spring-security-rsa-1.1.2.jar:/Users/papemayeldiagnethiam/.m2/repository/org/bouncycastle/bcprov-jdk18on/1.77/bcprov-jdk18on-1.77.jar:/Users/papemayeldiagnethiam/.m2/repository/org/springframework/cloud/spring-cloud-config-client/4.1.1/spring-cloud-config-client-4.1.1.jar:/Users/papemayeldiagnethiam/.m2/repository/org/springframework/boot/spring-boot-autoconfigure/3.2.5/spring-boot-autoconfigure-3.2.5.jar:/Users/papemayeldiagnethiam/.m2/repository/org/springframework/spring-web/6.1.6/spring-web-6.1.6.jar:/Users/papemayeldiagnethiam/.m2/repository/org/springframework/spring-beans/6.1.6/spring-beans-6.1.6.jar:/Users/papemayeldiagnethiam/.m2/repository/com/fasterxml/jackson/core/jackson-annotations/2.15.4/jackson-annotations-2.15.4.jar:/Users/papemayeldiagnethiam/.m2/repository/org/apache/httpcomponents/client5/httpclient5/5.2.3/httpclient5-5.2.3.jar:/Users/papemayeldiagnethiam/.m2/repository/org/apache/httpcomponents/core5/httpcore5/5.2.4/httpcore5-5.2.4.jar:/Users/papemayeldiagnethiam/.m2/repository/org/apache/httpcomponents/core5/httpcore5-h2/5.2.4/httpcore5-h2-5.2.4.jar:/Users/papemayeldiagnethiam/.m2/repository/com/fasterxml/jackson/core/jackson-databind/2.15.4/jackson-databind-2.15.4.jar:/Users/papemayeldiagnethiam/.m2/repository/com/fasterxml/jackson/core/jackson-core/2.15.4/jackson-core-2.15.4.jar:/Users/papemayeldiagnethiam/.m2/repository/org/springframework/cloud/spring-cloud-starter-netflix-eureka-client/4.1.1/spring-cloud-starter-netflix-eureka-client-4.1.1.jar:/Users/papemayeldiagnethiam/.m2/repository/org/springframework/cloud/spring-cloud-netflix-eureka-client/4.1.1/spring-cloud-netflix-eureka-client-4.1.1.jar:/Users/papemayeldiagnethiam/.m2/repository/com/netflix/eureka/eureka-client/2.0.2/eureka-client-2.0.2.jar:/Users/papemayeldiagnethiam/.m2/repository/com/netflix/netflix-commons/netflix-eventbus/0.3.0/netflix-eventbus-0.3.0.jar:/Users/papemayeldiagnethiam/.m2/repository/com/netflix/netflix-commons/netflix-infix/0.3.0/netflix-infix-0.3.0.jar:/Users/papemayeldiagnethiam/.m2/repository/commons-jxpath/commons-jxpath/1.3/commons-jxpath-1.3.jar:/Users/papemayeldiagnethiam/.m2/repository/joda-time/joda-time/2.3/joda-time-2.3.jar:/Users/papemayeldiagnethiam/.m2/repository/org/antlr/antlr-runtime/3.4/antlr-runtime-3.4.jar:/Users/papemayeldiagnethiam/.m2/repository/org/antlr/stringtemplate/3.2.1/stringtemplate-3.2.1.jar:/Users/papemayeldiagnethiam/.m2/repository/antlr/antlr/2.7.7/antlr-2.7.7.jar:/Users/papemayeldiagnethiam/.m2/repository/com/google/code/gson/gson/2.10.1/gson-2.10.1.jar:/Users/papemayeldiagnethiam/.m2/repository/org/apache/commons/commons-math/2.2/commons-math-2.2.jar:/Users/papemayeldiagnethiam/.m2/repository/com/thoughtworks/xstream/xstream/1.4.19/xstream-1.4.19.jar:/Users/papemayeldiagnethiam/.m2/repository/io/github/x-stream/mxparser/1.2.2/mxparser-1.2.2.jar:/Users/papemayeldiagnethiam/.m2/repository/xmlpull/xmlpull/1.1.3.1/xmlpull-1.1.3.1.jar:/Users/papemayeldiagnethiam/.m2/repository/jakarta/ws/rs/jakarta.ws.rs-api/3.1.0/jakarta.ws.rs-api-3.1.0.jar:/Users/papemayeldiagnethiam/.m2/repository/jakarta/inject/jakarta.inject-api/2.0.1/jakarta.inject-api-2.0.1.jar:/Users/papemayeldiagnethiam/.m2/repository/jakarta/annotation/jakarta.annotation-api/2.1.1/jakarta.annotation-api-2.1.1.jar:/Users/papemayeldiagnethiam/.m2/repository/com/netflix/servo/servo-core/0.12.21/servo-core-0.12.21.jar:/Users/papemayeldiagnethiam/.m2/repository/com/google/guava/guava/19.0/guava-19.0.jar:/Users/papemayeldiagnethiam/.m2/repository/org/apache/httpcomponents/httpclient/4.5.3/httpclient-4.5.3.jar:/Users/papemayeldiagnethiam/.m2/repository/org/apache/httpcomponents/httpcore/4.4.16/httpcore-4.4.16.jar:/Users/papemayeldiagnethiam/.m2/repository/commons-codec/commons-codec/1.16.1/commons-codec-1.16.1.jar:/Users/papemayeldiagnethiam/.m2/repository/commons-configuration/commons-configuration/1.10/commons-configuration-1.10.jar:/Users/papemayeldiagnethiam/.m2/repository/commons-lang/commons-lang/2.6/commons-lang-2.6.jar:/Users/papemayeldiagnethiam/.m2/repository/org/codehaus/jettison/jettison/1.5.4/jettison-1.5.4.jar:/Users/papemayeldiagnethiam/.m2/repository/com/netflix/eureka/eureka-core/2.0.2/eureka-core-2.0.2.jar:/Users/papemayeldiagnethiam/.m2/repository/com/fasterxml/woodstox/woodstox-core/6.2.1/woodstox-core-6.2.1.jar:/Users/papemayeldiagnethiam/.m2/repository/org/codehaus/woodstox/stax2-api/4.2.1/stax2-api-4.2.1.jar:/Users/papemayeldiagnethiam/.m2/repository/org/springframework/cloud/spring-cloud-starter-loadbalancer/4.1.2/spring-cloud-starter-loadbalancer-4.1.2.jar:/Users/papemayeldiagnethiam/.m2/repository/org/springframework/cloud/spring-cloud-loadbalancer/4.1.2/spring-cloud-loadbalancer-4.1.2.jar:/Users/papemayeldiagnethiam/.m2/repository/io/projectreactor/reactor-core/3.6.5/reactor-core-3.6.5.jar:/Users/papemayeldiagnethiam/.m2/repository/io/projectreactor/addons/reactor-extra/3.5.1/reactor-extra-3.5.1.jar:/Users/papemayeldiagnethiam/.m2/repository/org/springframework/boot/spring-boot-starter-cache/3.2.5/spring-boot-starter-cache-3.2.5.jar:/Users/papemayeldiagnethiam/.m2/repository/org/springframework/spring-context-support/6.1.6/spring-context-support-6.1.6.jar:/Users/papemayeldiagnethiam/.m2/repository/com/stoyanr/evictor/1.0.0/evictor-1.0.0.jar:/Users/papemayeldiagnethiam/.m2/repository/org/springframework/cloud/spring-cloud-starter-netflix-zuul/2.2.0.RELEASE/spring-cloud-starter-netflix-zuul-2.2.0.RELEASE.jar:/Users/papemayeldiagnethiam/.m2/repository/org/springframework/cloud/spring-cloud-netflix-zuul/2.2.0.RELEASE/spring-cloud-netflix-zuul-2.2.0.RELEASE.jar:/Users/papemayeldiagnethiam/.m2/repository/org/springframework/cloud/spring-cloud-netflix-hystrix/2.2.0.RELEASE/spring-cloud-netflix-hystrix-2.2.0.RELEASE.jar:/Users/papemayeldiagnethiam/.m2/repository/org/springframework/boot/spring-boot-starter-aop/3.2.5/spring-boot-starter-aop-3.2.5.jar:/Users/papemayeldiagnethiam/.m2/repository/com/netflix/netflix-commons/netflix-commons-util/0.3.0/netflix-commons-util-0.3.0.jar:/Users/papemayeldiagnethiam/.m2/repository/javax/inject/javax.inject/1/javax.inject-1.jar:/Users/papemayeldiagnethiam/.m2/repository/org/springframework/boot/spring-boot-starter-web/3.2.5/spring-boot-starter-web-3.2.5.jar:/Users/papemayeldiagnethiam/.m2/repository/org/springframework/boot/spring-boot-starter-json/3.2.5/spring-boot-starter-json-3.2.5.jar:/Users/papemayeldiagnethiam/.m2/repository/com/fasterxml/jackson/datatype/jackson-datatype-jdk8/2.15.4/jackson-datatype-jdk8-2.15.4.jar:/Users/papemayeldiagnethiam/.m2/repository/com/fasterxml/jackson/datatype/jackson-datatype-jsr310/2.15.4/jackson-datatype-jsr310-2.15.4.jar:/Users/papemayeldiagnethiam/.m2/repository/com/fasterxml/jackson/module/jackson-module-parameter-names/2.15.4/jackson-module-parameter-names-2.15.4.jar:/Users/papemayeldiagnethiam/.m2/repository/org/springframework/boot/spring-boot-starter-tomcat/3.2.5/spring-boot-starter-tomcat-3.2.5.jar:/Users/papemayeldiagnethiam/.m2/repository/org/apache/tomcat/embed/tomcat-embed-core/10.1.20/tomcat-embed-core-10.1.20.jar:/Users/papemayeldiagnethiam/.m2/repository/org/apache/tomcat/embed/tomcat-embed-el/10.1.20/tomcat-embed-el-10.1.20.jar:/Users/papemayeldiagnethiam/.m2/repository/org/apache/tomcat/embed/tomcat-embed-websocket/10.1.20/tomcat-embed-websocket-10.1.20.jar:/Users/papemayeldiagnethiam/.m2/repository/org/springframework/spring-webmvc/6.1.6/spring-webmvc-6.1.6.jar:/Users/papemayeldiagnethiam/.m2/repository/org/springframework/spring-aop/6.1.6/spring-aop-6.1.6.jar:/Users/papemayeldiagnethiam/.m2/repository/org/springframework/spring-context/6.1.6/spring-context-6.1.6.jar:/Users/papemayeldiagnethiam/.m2/repository/org/springframework/spring-expression/6.1.6/spring-expression-6.1.6.jar:/Users/papemayeldiagnethiam/.m2/repository/org/springframework/boot/spring-boot-starter-actuator/3.2.5/spring-boot-starter-actuator-3.2.5.jar:/Users/papemayeldiagnethiam/.m2/repository/org/springframework/boot/spring-boot-actuator-autoconfigure/3.2.5/spring-boot-actuator-autoconfigure-3.2.5.jar:/Users/papemayeldiagnethiam/.m2/repository/org/springframework/boot/spring-boot-actuator/3.2.5/spring-boot-actuator-3.2.5.jar:/Users/papemayeldiagnethiam/.m2/repository/io/micrometer/micrometer-observation/1.12.5/micrometer-observation-1.12.5.jar:/Users/papemayeldiagnethiam/.m2/repository/io/micrometer/micrometer-commons/1.12.5/micrometer-commons-1.12.5.jar:/Users/papemayeldiagnethiam/.m2/repository/io/micrometer/micrometer-jakarta9/1.12.5/micrometer-jakarta9-1.12.5.jar:/Users/papemayeldiagnethiam/.m2/repository/io/micrometer/micrometer-core/1.12.5/micrometer-core-1.12.5.jar:/Users/papemayeldiagnethiam/.m2/repository/org/latencyutils/LatencyUtils/2.0.3/LatencyUtils-2.0.3.jar:/Users/papemayeldiagnethiam/.m2/repository/org/springframework/cloud/spring-cloud-starter-netflix-hystrix/2.2.0.RELEASE/spring-cloud-starter-netflix-hystrix-2.2.0.RELEASE.jar:/Users/papemayeldiagnethiam/.m2/repository/org/springframework/cloud/spring-cloud-netflix-ribbon/2.2.0.RELEASE/spring-cloud-netflix-ribbon-2.2.0.RELEASE.jar:/Users/papemayeldiagnethiam/.m2/repository/com/netflix/hystrix/hystrix-core/1.5.18/hystrix-core-1.5.18.jar:/Users/papemayeldiagnethiam/.m2/repository/org/hdrhistogram/HdrHistogram/2.1.9/HdrHistogram-2.1.9.jar:/Users/papemayeldiagnethiam/.m2/repository/com/netflix/hystrix/hystrix-serialization/1.5.18/hystrix-serialization-1.5.18.jar:/Users/papemayeldiagnethiam/.m2/repository/com/fasterxml/jackson/module/jackson-module-afterburner/2.15.4/jackson-module-afterburner-2.15.4.jar:/Users/papemayeldiagnethiam/.m2/repository/com/netflix/hystrix/hystrix-metrics-event-stream/1.5.18/hystrix-metrics-event-stream-1.5.18.jar:/Users/papemayeldiagnethiam/.m2/repository/com/netflix/hystrix/hystrix-javanica/1.5.18/hystrix-javanica-1.5.18.jar:/Users/papemayeldiagnethiam/.m2/repository/org/apache/commons/commons-lang3/3.13.0/commons-lang3-3.13.0.jar:/Users/papemayeldiagnethiam/.m2/repository/org/ow2/asm/asm/5.0.4/asm-5.0.4.jar:/Users/papemayeldiagnethiam/.m2/repository/org/aspectj/aspectjweaver/1.9.22/aspectjweaver-1.9.22.jar:/Users/papemayeldiagnethiam/.m2/repository/io/reactivex/rxjava-reactive-streams/1.2.1/rxjava-reactive-streams-1.2.1.jar:/Users/papemayeldiagnethiam/.m2/repository/org/reactivestreams/reactive-streams/1.0.4/reactive-streams-1.0.4.jar:/Users/papemayeldiagnethiam/.m2/repository/org/springframework/cloud/spring-cloud-starter-netflix-ribbon/2.2.0.RELEASE/spring-cloud-starter-netflix-ribbon-2.2.0.RELEASE.jar:/Users/papemayeldiagnethiam/.m2/repository/com/netflix/ribbon/ribbon/2.3.0/ribbon-2.3.0.jar:/Users/papemayeldiagnethiam/.m2/repository/com/netflix/ribbon/ribbon-transport/2.3.0/ribbon-transport-2.3.0.jar:/Users/papemayeldiagnethiam/.m2/repository/io/reactivex/rxnetty-contexts/0.4.9/rxnetty-contexts-0.4.9.jar:/Users/papemayeldiagnethiam/.m2/repository/io/reactivex/rxnetty-servo/0.4.9/rxnetty-servo-0.4.9.jar:/Users/papemayeldiagnethiam/.m2/repository/io/reactivex/rxnetty/0.4.9/rxnetty-0.4.9.jar:/Users/papemayeldiagnethiam/.m2/repository/com/netflix/ribbon/ribbon-core/2.3.0/ribbon-core-2.3.0.jar:/Users/papemayeldiagnethiam/.m2/repository/com/netflix/ribbon/ribbon-httpclient/2.3.0/ribbon-httpclient-2.3.0.jar:/Users/papemayeldiagnethiam/.m2/repository/commons-collections/commons-collections/3.2.2/commons-collections-3.2.2.jar:/Users/papemayeldiagnethiam/.m2/repository/com/sun/jersey/jersey-client/1.19.1/jersey-client-1.19.1.jar:/Users/papemayeldiagnethiam/.m2/repository/com/sun/jersey/jersey-core/1.19.1/jersey-core-1.19.1.jar:/Users/papemayeldiagnethiam/.m2/repository/javax/ws/rs/jsr311-api/1.1.1/jsr311-api-1.1.1.jar:/Users/papemayeldiagnethiam/.m2/repository/com/sun/jersey/contribs/jersey-apache-client4/1.19.1/jersey-apache-client4-1.19.1.jar:/Users/papemayeldiagnethiam/.m2/repository/com/netflix/ribbon/ribbon-loadbalancer/2.3.0/ribbon-loadbalancer-2.3.0.jar:/Users/papemayeldiagnethiam/.m2/repository/com/netflix/netflix-commons/netflix-statistics/0.1.1/netflix-statistics-0.1.1.jar:/Users/papemayeldiagnethiam/.m2/repository/io/reactivex/rxjava/1.3.8/rxjava-1.3.8.jar:/Users/papemayeldiagnethiam/.m2/repository/org/springframework/cloud/spring-cloud-starter-netflix-archaius/2.2.0.RELEASE/spring-cloud-starter-netflix-archaius-2.2.0.RELEASE.jar:/Users/papemayeldiagnethiam/.m2/repository/org/springframework/cloud/spring-cloud-netflix-archaius/2.2.0.RELEASE/spring-cloud-netflix-archaius-2.2.0.RELEASE.jar:/Users/papemayeldiagnethiam/.m2/repository/com/netflix/archaius/archaius-core/0.7.6/archaius-core-0.7.6.jar:/Users/papemayeldiagnethiam/.m2/repository/com/google/code/findbugs/jsr305/3.0.1/jsr305-3.0.1.jar:/Users/papemayeldiagnethiam/.m2/repository/com/netflix/zuul/zuul-core/1.3.1/zuul-core-1.3.1.jar:/Users/papemayeldiagnethiam/.m2/repository/commons-io/commons-io/2.4/commons-io-2.4.jar:/Users/papemayeldiagnethiam/.m2/repository/org/slf4j/slf4j-api/2.0.13/slf4j-api-2.0.13.jar:/Users/papemayeldiagnethiam/.m2/repository/org/springframework/cloud/spring-cloud-starter-bootstrap/4.1.2/spring-cloud-starter-bootstrap-4.1.2.jar:/Users/papemayeldiagnethiam/.m2/repository/org/springframework/boot/spring-boot-starter-test/3.2.5/spring-boot-starter-test-3.2.5.jar:/Users/papemayeldiagnethiam/.m2/repository/org/springframework/boot/spring-boot-starter/3.2.5/spring-boot-starter-3.2.5.jar:/Users/papemayeldiagnethiam/.m2/repository/org/springframework/boot/spring-boot/3.2.5/spring-boot-3.2.5.jar:/Users/papemayeldiagnethiam/.m2/repository/org/springframework/boot/spring-boot-starter-logging/3.2.5/spring-boot-starter-logging-3.2.5.jar:/Users/papemayeldiagnethiam/.m2/repository/ch/qos/logback/logback-classic/1.4.14/logback-classic-1.4.14.jar:/Users/papemayeldiagnethiam/.m2/repository/ch/qos/logback/logback-core/1.4.14/logback-core-1.4.14.jar:/Users/papemayeldiagnethiam/.m2/repository/org/apache/logging/log4j/log4j-to-slf4j/2.21.1/log4j-to-slf4j-2.21.1.jar:/Users/papemayeldiagnethiam/.m2/repository/org/apache/logging/log4j/log4j-api/2.21.1/log4j-api-2.21.1.jar:/Users/papemayeldiagnethiam/.m2/repository/org/slf4j/jul-to-slf4j/2.0.13/jul-to-slf4j-2.0.13.jar:/Users/papemayeldiagnethiam/.m2/repository/org/yaml/snakeyaml/2.2/snakeyaml-2.2.jar:/Users/papemayeldiagnethiam/.m2/repository/org/springframework/boot/spring-boot-test/3.2.5/spring-boot-test-3.2.5.jar:/Users/papemayeldiagnethiam/.m2/repository/org/springframework/boot/spring-boot-test-autoconfigure/3.2.5/spring-boot-test-autoconfigure-3.2.5.jar:/Users/papemayeldiagnethiam/.m2/repository/com/jayway/jsonpath/json-path/2.9.0/json-path-2.9.0.jar:/Users/papemayeldiagnethiam/.m2/repository/jakarta/xml/bind/jakarta.xml.bind-api/4.0.2/jakarta.xml.bind-api-4.0.2.jar:/Users/papemayeldiagnethiam/.m2/repository/jakarta/activation/jakarta.activation-api/2.1.3/jakarta.activation-api-2.1.3.jar:/Users/papemayeldiagnethiam/.m2/repository/net/minidev/json-smart/2.5.1/json-smart-2.5.1.jar:/Users/papemayeldiagnethiam/.m2/repository/net/minidev/accessors-smart/2.5.1/accessors-smart-2.5.1.jar:/Users/papemayeldiagnethiam/.m2/repository/org/assertj/assertj-core/3.24.2/assertj-core-3.24.2.jar:/Users/papemayeldiagnethiam/.m2/repository/net/bytebuddy/byte-buddy/1.14.13/byte-buddy-1.14.13.jar:/Users/papemayeldiagnethiam/.m2/repository/org/awaitility/awaitility/4.2.1/awaitility-4.2.1.jar:/Users/papemayeldiagnethiam/.m2/repository/org/hamcrest/hamcrest/2.2/hamcrest-2.2.jar:/Users/papemayeldiagnethiam/.m2/repository/org/junit/jupiter/junit-jupiter/5.10.2/junit-jupiter-5.10.2.jar:/Users/papemayeldiagnethiam/.m2/repository/org/junit/jupiter/junit-jupiter-api/5.10.2/junit-jupiter-api-5.10.2.jar:/Users/papemayeldiagnethiam/.m2/repository/org/opentest4j/opentest4j/1.3.0/opentest4j-1.3.0.jar:/Users/papemayeldiagnethiam/.m2/repository/org/junit/platform/junit-platform-commons/1.10.2/junit-platform-commons-1.10.2.jar:/Users/papemayeldiagnethiam/.m2/repository/org/apiguardian/apiguardian-api/1.1.2/apiguardian-api-1.1.2.jar:/Users/papemayeldiagnethiam/.m2/repository/org/junit/jupiter/junit-jupiter-params/5.10.2/junit-jupiter-params-5.10.2.jar:/Users/papemayeldiagnethiam/.m2/repository/org/junit/jupiter/junit-jupiter-engine/5.10.2/junit-jupiter-engine-5.10.2.jar:/Users/papemayeldiagnethiam/.m2/repository/org/junit/platform/junit-platform-engine/1.10.2/junit-platform-engine-1.10.2.jar:/Users/papemayeldiagnethiam/.m2/repository/org/mockito/mockito-core/5.7.0/mockito-core-5.7.0.jar:/Users/papemayeldiagnethiam/.m2/repository/net/bytebuddy/byte-buddy-agent/1.14.13/byte-buddy-agent-1.14.13.jar:/Users/papemayeldiagnethiam/.m2/repository/org/objenesis/objenesis/3.3/objenesis-3.3.jar:/Users/papemayeldiagnethiam/.m2/repository/org/mockito/mockito-junit-jupiter/5.7.0/mockito-junit-jupiter-5.7.0.jar:/Users/papemayeldiagnethiam/.m2/repository/org/skyscreamer/jsonassert/1.5.1/jsonassert-1.5.1.jar:/Users/papemayeldiagnethiam/.m2/repository/com/vaadin/external/google/android-json/0.0.20131108.vaadin1/android-json-0.0.20131108.vaadin1.jar:/Users/papemayeldiagnethiam/.m2/repository/org/springframework/spring-core/6.1.6/spring-core-6.1.6.jar:/Users/papemayeldiagnethiam/.m2/repository/org/springframework/spring-jcl/6.1.6/spring-jcl-6.1.6.jar:/Users/papemayeldiagnethiam/.m2/repository/org/springframework/spring-test/6.1.6/spring-test-6.1.6.jar:/Users/papemayeldiagnethiam/.m2/repository/org/xmlunit/xmlunit-core/2.9.1/xmlunit-core-2.9.1.jar:"/>
    <property name="java.vm.vendor" value="Oracle Corporation"/>
    <property name="sun.arch.data.model" value="64"/>
    <property name="java.vendor.url" value="https://java.oracle.com/"/>
    <property name="user.timezone" value="Europe/Paris"/>
    <property name="os.name" value="Mac OS X"/>
    <property name="java.vm.specification.version" value="22"/>
    <property name="sun.java.launcher" value="SUN_STANDARD"/>
    <property name="user.country" value="FR"/>
    <property name="sun.boot.library.path" value="/Users/papemayeldiagnethiam/Library/Java/JavaVirtualMachines/openjdk-22/Contents/Home/lib"/>
    <property name="sun.java.command" value="/Users/papemayeldiagnethiam/Desktop/FISA INFO 4/Architecture Service/Tp-E-Commerce/zuul-server/target/surefire/surefirebooter-20240422170940964_3.jar /Users/papemayeldiagnethiam/Desktop/FISA INFO 4/Architecture Service/Tp-E-Commerce/zuul-server/target/surefire 2024-04-22T17-09-40_929-jvmRun1 surefire-20240422170940964_1tmp surefire_0-20240422170940964_2tmp"/>
    <property name="http.nonProxyHosts" value="local|*.local|169.254/16|*.169.254/16"/>
    <property name="jdk.debug" value="release"/>
    <property name="surefire.test.class.path" value="/Users/papemayeldiagnethiam/Desktop/FISA INFO 4/Architecture Service/Tp-E-Commerce/zuul-server/target/test-classes:/Users/papemayeldiagnethiam/Desktop/FISA INFO 4/Architecture Service/Tp-E-Commerce/zuul-server/target/classes:/Users/papemayeldiagnethiam/.m2/repository/org/springframework/cloud/spring-cloud-starter-config/4.1.1/spring-cloud-starter-config-4.1.1.jar:/Users/papemayeldiagnethiam/.m2/repository/org/springframework/cloud/spring-cloud-starter/4.1.2/spring-cloud-starter-4.1.2.jar:/Users/papemayeldiagnethiam/.m2/repository/org/springframework/cloud/spring-cloud-context/4.1.2/spring-cloud-context-4.1.2.jar:/Users/papemayeldiagnethiam/.m2/repository/org/springframework/security/spring-security-crypto/6.2.4/spring-security-crypto-6.2.4.jar:/Users/papemayeldiagnethiam/.m2/repository/org/springframework/cloud/spring-cloud-commons/4.1.2/spring-cloud-commons-4.1.2.jar:/Users/papemayeldiagnethiam/.m2/repository/org/springframework/security/spring-security-rsa/1.1.2/spring-security-rsa-1.1.2.jar:/Users/papemayeldiagnethiam/.m2/repository/org/bouncycastle/bcprov-jdk18on/1.77/bcprov-jdk18on-1.77.jar:/Users/papemayeldiagnethiam/.m2/repository/org/springframework/cloud/spring-cloud-config-client/4.1.1/spring-cloud-config-client-4.1.1.jar:/Users/papemayeldiagnethiam/.m2/repository/org/springframework/boot/spring-boot-autoconfigure/3.2.5/spring-boot-autoconfigure-3.2.5.jar:/Users/papemayeldiagnethiam/.m2/repository/org/springframework/spring-web/6.1.6/spring-web-6.1.6.jar:/Users/papemayeldiagnethiam/.m2/repository/org/springframework/spring-beans/6.1.6/spring-beans-6.1.6.jar:/Users/papemayeldiagnethiam/.m2/repository/com/fasterxml/jackson/core/jackson-annotations/2.15.4/jackson-annotations-2.15.4.jar:/Users/papemayeldiagnethiam/.m2/repository/org/apache/httpcomponents/client5/httpclient5/5.2.3/httpclient5-5.2.3.jar:/Users/papemayeldiagnethiam/.m2/repository/org/apache/httpcomponents/core5/httpcore5/5.2.4/httpcore5-5.2.4.jar:/Users/papemayeldiagnethiam/.m2/repository/org/apache/httpcomponents/core5/httpcore5-h2/5.2.4/httpcore5-h2-5.2.4.jar:/Users/papemayeldiagnethiam/.m2/repository/com/fasterxml/jackson/core/jackson-databind/2.15.4/jackson-databind-2.15.4.jar:/Users/papemayeldiagnethiam/.m2/repository/com/fasterxml/jackson/core/jackson-core/2.15.4/jackson-core-2.15.4.jar:/Users/papemayeldiagnethiam/.m2/repository/org/springframework/cloud/spring-cloud-starter-netflix-eureka-client/4.1.1/spring-cloud-starter-netflix-eureka-client-4.1.1.jar:/Users/papemayeldiagnethiam/.m2/repository/org/springframework/cloud/spring-cloud-netflix-eureka-client/4.1.1/spring-cloud-netflix-eureka-client-4.1.1.jar:/Users/papemayeldiagnethiam/.m2/repository/com/netflix/eureka/eureka-client/2.0.2/eureka-client-2.0.2.jar:/Users/papemayeldiagnethiam/.m2/repository/com/netflix/netflix-commons/netflix-eventbus/0.3.0/netflix-eventbus-0.3.0.jar:/Users/papemayeldiagnethiam/.m2/repository/com/netflix/netflix-commons/netflix-infix/0.3.0/netflix-infix-0.3.0.jar:/Users/papemayeldiagnethiam/.m2/repository/commons-jxpath/commons-jxpath/1.3/commons-jxpath-1.3.jar:/Users/papemayeldiagnethiam/.m2/repository/joda-time/joda-time/2.3/joda-time-2.3.jar:/Users/papemayeldiagnethiam/.m2/repository/org/antlr/antlr-runtime/3.4/antlr-runtime-3.4.jar:/Users/papemayeldiagnethiam/.m2/repository/org/antlr/stringtemplate/3.2.1/stringtemplate-3.2.1.jar:/Users/papemayeldiagnethiam/.m2/repository/antlr/antlr/2.7.7/antlr-2.7.7.jar:/Users/papemayeldiagnethiam/.m2/repository/com/google/code/gson/gson/2.10.1/gson-2.10.1.jar:/Users/papemayeldiagnethiam/.m2/repository/org/apache/commons/commons-math/2.2/commons-math-2.2.jar:/Users/papemayeldiagnethiam/.m2/repository/com/thoughtworks/xstream/xstream/1.4.19/xstream-1.4.19.jar:/Users/papemayeldiagnethiam/.m2/repository/io/github/x-stream/mxparser/1.2.2/mxparser-1.2.2.jar:/Users/papemayeldiagnethiam/.m2/repository/xmlpull/xmlpull/1.1.3.1/xmlpull-1.1.3.1.jar:/Users/papemayeldiagnethiam/.m2/repository/jakarta/ws/rs/jakarta.ws.rs-api/3.1.0/jakarta.ws.rs-api-3.1.0.jar:/Users/papemayeldiagnethiam/.m2/repository/jakarta/inject/jakarta.inject-api/2.0.1/jakarta.inject-api-2.0.1.jar:/Users/papemayeldiagnethiam/.m2/repository/jakarta/annotation/jakarta.annotation-api/2.1.1/jakarta.annotation-api-2.1.1.jar:/Users/papemayeldiagnethiam/.m2/repository/com/netflix/servo/servo-core/0.12.21/servo-core-0.12.21.jar:/Users/papemayeldiagnethiam/.m2/repository/com/google/guava/guava/19.0/guava-19.0.jar:/Users/papemayeldiagnethiam/.m2/repository/org/apache/httpcomponents/httpclient/4.5.3/httpclient-4.5.3.jar:/Users/papemayeldiagnethiam/.m2/repository/org/apache/httpcomponents/httpcore/4.4.16/httpcore-4.4.16.jar:/Users/papemayeldiagnethiam/.m2/repository/commons-codec/commons-codec/1.16.1/commons-codec-1.16.1.jar:/Users/papemayeldiagnethiam/.m2/repository/commons-configuration/commons-configuration/1.10/commons-configuration-1.10.jar:/Users/papemayeldiagnethiam/.m2/repository/commons-lang/commons-lang/2.6/commons-lang-2.6.jar:/Users/papemayeldiagnethiam/.m2/repository/org/codehaus/jettison/jettison/1.5.4/jettison-1.5.4.jar:/Users/papemayeldiagnethiam/.m2/repository/com/netflix/eureka/eureka-core/2.0.2/eureka-core-2.0.2.jar:/Users/papemayeldiagnethiam/.m2/repository/com/fasterxml/woodstox/woodstox-core/6.2.1/woodstox-core-6.2.1.jar:/Users/papemayeldiagnethiam/.m2/repository/org/codehaus/woodstox/stax2-api/4.2.1/stax2-api-4.2.1.jar:/Users/papemayeldiagnethiam/.m2/repository/org/springframework/cloud/spring-cloud-starter-loadbalancer/4.1.2/spring-cloud-starter-loadbalancer-4.1.2.jar:/Users/papemayeldiagnethiam/.m2/repository/org/springframework/cloud/spring-cloud-loadbalancer/4.1.2/spring-cloud-loadbalancer-4.1.2.jar:/Users/papemayeldiagnethiam/.m2/repository/io/projectreactor/reactor-core/3.6.5/reactor-core-3.6.5.jar:/Users/papemayeldiagnethiam/.m2/repository/io/projectreactor/addons/reactor-extra/3.5.1/reactor-extra-3.5.1.jar:/Users/papemayeldiagnethiam/.m2/repository/org/springframework/boot/spring-boot-starter-cache/3.2.5/spring-boot-starter-cache-3.2.5.jar:/Users/papemayeldiagnethiam/.m2/repository/org/springframework/spring-context-support/6.1.6/spring-context-support-6.1.6.jar:/Users/papemayeldiagnethiam/.m2/repository/com/stoyanr/evictor/1.0.0/evictor-1.0.0.jar:/Users/papemayeldiagnethiam/.m2/repository/org/springframework/cloud/spring-cloud-starter-netflix-zuul/2.2.0.RELEASE/spring-cloud-starter-netflix-zuul-2.2.0.RELEASE.jar:/Users/papemayeldiagnethiam/.m2/repository/org/springframework/cloud/spring-cloud-netflix-zuul/2.2.0.RELEASE/spring-cloud-netflix-zuul-2.2.0.RELEASE.jar:/Users/papemayeldiagnethiam/.m2/repository/org/springframework/cloud/spring-cloud-netflix-hystrix/2.2.0.RELEASE/spring-cloud-netflix-hystrix-2.2.0.RELEASE.jar:/Users/papemayeldiagnethiam/.m2/repository/org/springframework/boot/spring-boot-starter-aop/3.2.5/spring-boot-starter-aop-3.2.5.jar:/Users/papemayeldiagnethiam/.m2/repository/com/netflix/netflix-commons/netflix-commons-util/0.3.0/netflix-commons-util-0.3.0.jar:/Users/papemayeldiagnethiam/.m2/repository/javax/inject/javax.inject/1/javax.inject-1.jar:/Users/papemayeldiagnethiam/.m2/repository/org/springframework/boot/spring-boot-starter-web/3.2.5/spring-boot-starter-web-3.2.5.jar:/Users/papemayeldiagnethiam/.m2/repository/org/springframework/boot/spring-boot-starter-json/3.2.5/spring-boot-starter-json-3.2.5.jar:/Users/papemayeldiagnethiam/.m2/repository/com/fasterxml/jackson/datatype/jackson-datatype-jdk8/2.15.4/jackson-datatype-jdk8-2.15.4.jar:/Users/papemayeldiagnethiam/.m2/repository/com/fasterxml/jackson/datatype/jackson-datatype-jsr310/2.15.4/jackson-datatype-jsr310-2.15.4.jar:/Users/papemayeldiagnethiam/.m2/repository/com/fasterxml/jackson/module/jackson-module-parameter-names/2.15.4/jackson-module-parameter-names-2.15.4.jar:/Users/papemayeldiagnethiam/.m2/repository/org/springframework/boot/spring-boot-starter-tomcat/3.2.5/spring-boot-starter-tomcat-3.2.5.jar:/Users/papemayeldiagnethiam/.m2/repository/org/apache/tomcat/embed/tomcat-embed-core/10.1.20/tomcat-embed-core-10.1.20.jar:/Users/papemayeldiagnethiam/.m2/repository/org/apache/tomcat/embed/tomcat-embed-el/10.1.20/tomcat-embed-el-10.1.20.jar:/Users/papemayeldiagnethiam/.m2/repository/org/apache/tomcat/embed/tomcat-embed-websocket/10.1.20/tomcat-embed-websocket-10.1.20.jar:/Users/papemayeldiagnethiam/.m2/repository/org/springframework/spring-webmvc/6.1.6/spring-webmvc-6.1.6.jar:/Users/papemayeldiagnethiam/.m2/repository/org/springframework/spring-aop/6.1.6/spring-aop-6.1.6.jar:/Users/papemayeldiagnethiam/.m2/repository/org/springframework/spring-context/6.1.6/spring-context-6.1.6.jar:/Users/papemayeldiagnethiam/.m2/repository/org/springframework/spring-expression/6.1.6/spring-expression-6.1.6.jar:/Users/papemayeldiagnethiam/.m2/repository/org/springframework/boot/spring-boot-starter-actuator/3.2.5/spring-boot-starter-actuator-3.2.5.jar:/Users/papemayeldiagnethiam/.m2/repository/org/springframework/boot/spring-boot-actuator-autoconfigure/3.2.5/spring-boot-actuator-autoconfigure-3.2.5.jar:/Users/papemayeldiagnethiam/.m2/repository/org/springframework/boot/spring-boot-actuator/3.2.5/spring-boot-actuator-3.2.5.jar:/Users/papemayeldiagnethiam/.m2/repository/io/micrometer/micrometer-observation/1.12.5/micrometer-observation-1.12.5.jar:/Users/papemayeldiagnethiam/.m2/repository/io/micrometer/micrometer-commons/1.12.5/micrometer-commons-1.12.5.jar:/Users/papemayeldiagnethiam/.m2/repository/io/micrometer/micrometer-jakarta9/1.12.5/micrometer-jakarta9-1.12.5.jar:/Users/papemayeldiagnethiam/.m2/repository/io/micrometer/micrometer-core/1.12.5/micrometer-core-1.12.5.jar:/Users/papemayeldiagnethiam/.m2/repository/org/latencyutils/LatencyUtils/2.0.3/LatencyUtils-2.0.3.jar:/Users/papemayeldiagnethiam/.m2/repository/org/springframework/cloud/spring-cloud-starter-netflix-hystrix/2.2.0.RELEASE/spring-cloud-starter-netflix-hystrix-2.2.0.RELEASE.jar:/Users/papemayeldiagnethiam/.m2/repository/org/springframework/cloud/spring-cloud-netflix-ribbon/2.2.0.RELEASE/spring-cloud-netflix-ribbon-2.2.0.RELEASE.jar:/Users/papemayeldiagnethiam/.m2/repository/com/netflix/hystrix/hystrix-core/1.5.18/hystrix-core-1.5.18.jar:/Users/papemayeldiagnethiam/.m2/repository/org/hdrhistogram/HdrHistogram/2.1.9/HdrHistogram-2.1.9.jar:/Users/papemayeldiagnethiam/.m2/repository/com/netflix/hystrix/hystrix-serialization/1.5.18/hystrix-serialization-1.5.18.jar:/Users/papemayeldiagnethiam/.m2/repository/com/fasterxml/jackson/module/jackson-module-afterburner/2.15.4/jackson-module-afterburner-2.15.4.jar:/Users/papemayeldiagnethiam/.m2/repository/com/netflix/hystrix/hystrix-metrics-event-stream/1.5.18/hystrix-metrics-event-stream-1.5.18.jar:/Users/papemayeldiagnethiam/.m2/repository/com/netflix/hystrix/hystrix-javanica/1.5.18/hystrix-javanica-1.5.18.jar:/Users/papemayeldiagnethiam/.m2/repository/org/apache/commons/commons-lang3/3.13.0/commons-lang3-3.13.0.jar:/Users/papemayeldiagnethiam/.m2/repository/org/ow2/asm/asm/5.0.4/asm-5.0.4.jar:/Users/papemayeldiagnethiam/.m2/repository/org/aspectj/aspectjweaver/1.9.22/aspectjweaver-1.9.22.jar:/Users/papemayeldiagnethiam/.m2/repository/io/reactivex/rxjava-reactive-streams/1.2.1/rxjava-reactive-streams-1.2.1.jar:/Users/papemayeldiagnethiam/.m2/repository/org/reactivestreams/reactive-streams/1.0.4/reactive-streams-1.0.4.jar:/Users/papemayeldiagnethiam/.m2/repository/org/springframework/cloud/spring-cloud-starter-netflix-ribbon/2.2.0.RELEASE/spring-cloud-starter-netflix-ribbon-2.2.0.RELEASE.jar:/Users/papemayeldiagnethiam/.m2/repository/com/netflix/ribbon/ribbon/2.3.0/ribbon-2.3.0.jar:/Users/papemayeldiagnethiam/.m2/repository/com/netflix/ribbon/ribbon-transport/2.3.0/ribbon-transport-2.3.0.jar:/Users/papemayeldiagnethiam/.m2/repository/io/reactivex/rxnetty-contexts/0.4.9/rxnetty-contexts-0.4.9.jar:/Users/papemayeldiagnethiam/.m2/repository/io/reactivex/rxnetty-servo/0.4.9/rxnetty-servo-0.4.9.jar:/Users/papemayeldiagnethiam/.m2/repository/io/reactivex/rxnetty/0.4.9/rxnetty-0.4.9.jar:/Users/papemayeldiagnethiam/.m2/repository/com/netflix/ribbon/ribbon-core/2.3.0/ribbon-core-2.3.0.jar:/Users/papemayeldiagnethiam/.m2/repository/com/netflix/ribbon/ribbon-httpclient/2.3.0/ribbon-httpclient-2.3.0.jar:/Users/papemayeldiagnethiam/.m2/repository/commons-collections/commons-collections/3.2.2/commons-collections-3.2.2.jar:/Users/papemayeldiagnethiam/.m2/repository/com/sun/jersey/jersey-client/1.19.1/jersey-client-1.19.1.jar:/Users/papemayeldiagnethiam/.m2/repository/com/sun/jersey/jersey-core/1.19.1/jersey-core-1.19.1.jar:/Users/papemayeldiagnethiam/.m2/repository/javax/ws/rs/jsr311-api/1.1.1/jsr311-api-1.1.1.jar:/Users/papemayeldiagnethiam/.m2/repository/com/sun/jersey/contribs/jersey-apache-client4/1.19.1/jersey-apache-client4-1.19.1.jar:/Users/papemayeldiagnethiam/.m2/repository/com/netflix/ribbon/ribbon-loadbalancer/2.3.0/ribbon-loadbalancer-2.3.0.jar:/Users/papemayeldiagnethiam/.m2/repository/com/netflix/netflix-commons/netflix-statistics/0.1.1/netflix-statistics-0.1.1.jar:/Users/papemayeldiagnethiam/.m2/repository/io/reactivex/rxjava/1.3.8/rxjava-1.3.8.jar:/Users/papemayeldiagnethiam/.m2/repository/org/springframework/cloud/spring-cloud-starter-netflix-archaius/2.2.0.RELEASE/spring-cloud-starter-netflix-archaius-2.2.0.RELEASE.jar:/Users/papemayeldiagnethiam/.m2/repository/org/springframework/cloud/spring-cloud-netflix-archaius/2.2.0.RELEASE/spring-cloud-netflix-archaius-2.2.0.RELEASE.jar:/Users/papemayeldiagnethiam/.m2/repository/com/netflix/archaius/archaius-core/0.7.6/archaius-core-0.7.6.jar:/Users/papemayeldiagnethiam/.m2/repository/com/google/code/findbugs/jsr305/3.0.1/jsr305-3.0.1.jar:/Users/papemayeldiagnethiam/.m2/repository/com/netflix/zuul/zuul-core/1.3.1/zuul-core-1.3.1.jar:/Users/papemayeldiagnethiam/.m2/repository/commons-io/commons-io/2.4/commons-io-2.4.jar:/Users/papemayeldiagnethiam/.m2/repository/org/slf4j/slf4j-api/2.0.13/slf4j-api-2.0.13.jar:/Users/papemayeldiagnethiam/.m2/repository/org/springframework/cloud/spring-cloud-starter-bootstrap/4.1.2/spring-cloud-starter-bootstrap-4.1.2.jar:/Users/papemayeldiagnethiam/.m2/repository/org/springframework/boot/spring-boot-starter-test/3.2.5/spring-boot-starter-test-3.2.5.jar:/Users/papemayeldiagnethiam/.m2/repository/org/springframework/boot/spring-boot-starter/3.2.5/spring-boot-starter-3.2.5.jar:/Users/papemayeldiagnethiam/.m2/repository/org/springframework/boot/spring-boot/3.2.5/spring-boot-3.2.5.jar:/Users/papemayeldiagnethiam/.m2/repository/org/springframework/boot/spring-boot-starter-logging/3.2.5/spring-boot-starter-logging-3.2.5.jar:/Users/papemayeldiagnethiam/.m2/repository/ch/qos/logback/logback-classic/1.4.14/logback-classic-1.4.14.jar:/Users/papemayeldiagnethiam/.m2/repository/ch/qos/logback/logback-core/1.4.14/logback-core-1.4.14.jar:/Users/papemayeldiagnethiam/.m2/repository/org/apache/logging/log4j/log4j-to-slf4j/2.21.1/log4j-to-slf4j-2.21.1.jar:/Users/papemayeldiagnethiam/.m2/repository/org/apache/logging/log4j/log4j-api/2.21.1/log4j-api-2.21.1.jar:/Users/papemayeldiagnethiam/.m2/repository/org/slf4j/jul-to-slf4j/2.0.13/jul-to-slf4j-2.0.13.jar:/Users/papemayeldiagnethiam/.m2/repository/org/yaml/snakeyaml/2.2/snakeyaml-2.2.jar:/Users/papemayeldiagnethiam/.m2/repository/org/springframework/boot/spring-boot-test/3.2.5/spring-boot-test-3.2.5.jar:/Users/papemayeldiagnethiam/.m2/repository/org/springframework/boot/spring-boot-test-autoconfigure/3.2.5/spring-boot-test-autoconfigure-3.2.5.jar:/Users/papemayeldiagnethiam/.m2/repository/com/jayway/jsonpath/json-path/2.9.0/json-path-2.9.0.jar:/Users/papemayeldiagnethiam/.m2/repository/jakarta/xml/bind/jakarta.xml.bind-api/4.0.2/jakarta.xml.bind-api-4.0.2.jar:/Users/papemayeldiagnethiam/.m2/repository/jakarta/activation/jakarta.activation-api/2.1.3/jakarta.activation-api-2.1.3.jar:/Users/papemayeldiagnethiam/.m2/repository/net/minidev/json-smart/2.5.1/json-smart-2.5.1.jar:/Users/papemayeldiagnethiam/.m2/repository/net/minidev/accessors-smart/2.5.1/accessors-smart-2.5.1.jar:/Users/papemayeldiagnethiam/.m2/repository/org/assertj/assertj-core/3.24.2/assertj-core-3.24.2.jar:/Users/papemayeldiagnethiam/.m2/repository/net/bytebuddy/byte-buddy/1.14.13/byte-buddy-1.14.13.jar:/Users/papemayeldiagnethiam/.m2/repository/org/awaitility/awaitility/4.2.1/awaitility-4.2.1.jar:/Users/papemayeldiagnethiam/.m2/repository/org/hamcrest/hamcrest/2.2/hamcrest-2.2.jar:/Users/papemayeldiagnethiam/.m2/repository/org/junit/jupiter/junit-jupiter/5.10.2/junit-jupiter-5.10.2.jar:/Users/papemayeldiagnethiam/.m2/repository/org/junit/jupiter/junit-jupiter-api/5.10.2/junit-jupiter-api-5.10.2.jar:/Users/papemayeldiagnethiam/.m2/repository/org/opentest4j/opentest4j/1.3.0/opentest4j-1.3.0.jar:/Users/papemayeldiagnethiam/.m2/repository/org/junit/platform/junit-platform-commons/1.10.2/junit-platform-commons-1.10.2.jar:/Users/papemayeldiagnethiam/.m2/repository/org/apiguardian/apiguardian-api/1.1.2/apiguardian-api-1.1.2.jar:/Users/papemayeldiagnethiam/.m2/repository/org/junit/jupiter/junit-jupiter-params/5.10.2/junit-jupiter-params-5.10.2.jar:/Users/papemayeldiagnethiam/.m2/repository/org/junit/jupiter/junit-jupiter-engine/5.10.2/junit-jupiter-engine-5.10.2.jar:/Users/papemayeldiagnethiam/.m2/repository/org/junit/platform/junit-platform-engine/1.10.2/junit-platform-engine-1.10.2.jar:/Users/papemayeldiagnethiam/.m2/repository/org/mockito/mockito-core/5.7.0/mockito-core-5.7.0.jar:/Users/papemayeldiagnethiam/.m2/repository/net/bytebuddy/byte-buddy-agent/1.14.13/byte-buddy-agent-1.14.13.jar:/Users/papemayeldiagnethiam/.m2/repository/org/objenesis/objenesis/3.3/objenesis-3.3.jar:/Users/papemayeldiagnethiam/.m2/repository/org/mockito/mockito-junit-jupiter/5.7.0/mockito-junit-jupiter-5.7.0.jar:/Users/papemayeldiagnethiam/.m2/repository/org/skyscreamer/jsonassert/1.5.1/jsonassert-1.5.1.jar:/Users/papemayeldiagnethiam/.m2/repository/com/vaadin/external/google/android-json/0.0.20131108.vaadin1/android-json-0.0.20131108.vaadin1.jar:/Users/papemayeldiagnethiam/.m2/repository/org/springframework/spring-core/6.1.6/spring-core-6.1.6.jar:/Users/papemayeldiagnethiam/.m2/repository/org/springframework/spring-jcl/6.1.6/spring-jcl-6.1.6.jar:/Users/papemayeldiagnethiam/.m2/repository/org/springframework/spring-test/6.1.6/spring-test-6.1.6.jar:/Users/papemayeldiagnethiam/.m2/repository/org/xmlunit/xmlunit-core/2.9.1/xmlunit-core-2.9.1.jar:"/>
    <property name="sun.cpu.endian" value="little"/>
    <property name="user.home" value="/Users/papemayeldiagnethiam"/>
    <property name="user.language" value="fr"/>
    <property name="java.specification.vendor" value="Oracle Corporation"/>
    <property name="java.version.date" value="2024-03-19"/>
    <property name="java.home" value="/Users/papemayeldiagnethiam/Library/Java/JavaVirtualMachines/openjdk-22/Contents/Home"/>
    <property name="file.separator" value="/"/>
    <property name="basedir" value="/Users/papemayeldiagnethiam/Desktop/FISA INFO 4/Architecture Service/Tp-E-Commerce/zuul-server"/>
    <property name="java.vm.compressedOopsMode" value="Zero based"/>
    <property name="line.separator" value="&#10;"/>
    <property name="java.vm.specification.vendor" value="Oracle Corporation"/>
    <property name="java.specification.name" value="Java Platform API Specification"/>
    <property name="FILE_LOG_CHARSET" value="UTF-8"/>
    <property name="java.awt.headless" value="true"/>
    <property name="apple.awt.application.name" value="ForkedBooter"/>
    <property name="surefire.real.class.path" value="/Users/papemayeldiagnethiam/Desktop/FISA INFO 4/Architecture Service/Tp-E-Commerce/zuul-server/target/surefire/surefirebooter-20240422170940964_3.jar"/>
    <property name="sun.management.compiler" value="HotSpot 64-Bit Tiered Compilers"/>
    <property name="ftp.nonProxyHosts" value="local|*.local|169.254/16|*.169.254/16"/>
    <property name="java.runtime.version" value="22+36-2370"/>
    <property name="user.name" value="papemayeldiagnethiam"/>
    <property name="stdout.encoding" value="UTF-8"/>
    <property name="path.separator" value=":"/>
    <property name="os.version" value="14.4.1"/>
    <property name="java.runtime.name" value="OpenJDK Runtime Environment"/>
    <property name="file.encoding" value="UTF-8"/>
    <property name="java.vm.name" value="OpenJDK 64-Bit Server VM"/>
    <property name="localRepository" value="/Users/papemayeldiagnethiam/.m2/repository"/>
    <property name="java.vendor.url.bug" value="https://bugreport.java.com/bugreport/"/>
    <property name="java.io.tmpdir" value="/var/folders/rd/b_1lc5011lb5n40rp_xx_s2c0000gn/T/"/>
    <property name="idea.version" value="2024.1"/>
    <property name="java.version" value="22"/>
    <property name="user.dir" value="/Users/papemayeldiagnethiam/Desktop/FISA INFO 4/Architecture Service/Tp-E-Commerce/zuul-server"/>
    <property name="os.arch" value="aarch64"/>
    <property name="java.vm.specification.name" value="Java Virtual Machine Specification"/>
    <property name="PID" value="4481"/>
    <property name="CONSOLE_LOG_CHARSET" value="UTF-8"/>
    <property name="native.encoding" value="UTF-8"/>
    <property name="java.library.path" value="/Users/papemayeldiagnethiam/Library/Java/Extensions:/Library/Java/Extensions:/Network/Library/Java/Extensions:/System/Library/Java/Extensions:/usr/lib/java:."/>
    <property name="java.vm.info" value="mixed mode, sharing"/>
    <property name="stderr.encoding" value="UTF-8"/>
    <property name="java.vendor" value="Oracle Corporation"/>
    <property name="java.vm.version" value="22+36-2370"/>
    <property name="sun.io.unicode.encoding" value="UnicodeBig"/>
    <property name="socksNonProxyHosts" value="local|*.local|169.254/16|*.169.254/16"/>
    <property name="java.class.version" value="66.0"/>
    <property name="LOGGED_APPLICATION_NAME" value="[zuul-server] "/>
  </properties>
  <testcase name="contextLoads" classname="com.fisa.zuulserver.ZuulServerApplicationTests" time="0.448">
    <system-out><![CDATA[17:09:41.368 [main] INFO org.springframework.test.context.support.AnnotationConfigContextLoaderUtils -- Could not detect default configuration classes for test class [com.fisa.zuulserver.ZuulServerApplicationTests]: ZuulServerApplicationTests does not declare any static, non-private, non-final, nested classes annotated with @Configuration.
17:09:41.408 [main] INFO org.springframework.boot.test.context.SpringBootTestContextBootstrapper -- Found @SpringBootConfiguration com.fisa.zuulserver.ZuulServerApplication for test class com.fisa.zuulserver.ZuulServerApplicationTests

  .   ____          _            __ _ _
 /\\ / ___'_ __ _ _(_)_ __  __ _ \ \ \ \
( ( )\___ | '_ | '_| | '_ \/ _` | \ \ \ \
 \\/  ___)| |_)| | | | | || (_| |  ) ) ) )
  '  |____| .__|_| |_|_| |_\__, | / / / /
 =========|_|==============|___/=/_/_/_/
&amp#27;[32m :: Spring Boot :: &amp#27;[39m              &amp#27;[2m (v3.2.5)&amp#27;[0;39m

&amp#27;[2m2024-04-22T17:09:41.767+02:00&amp#27;[0;39m &amp#27;[32m INFO&amp#27;[0;39m &amp#27;[35m4481&amp#27;[0;39m &amp#27;[2m---&amp#27;[0;39m &amp#27;[2m[zuul-server] [           main]&amp#27;[0;39m &amp#27;[2m&amp#27;[0;39m&amp#27;[36mc.c.c.ConfigServicePropertySourceLocator&amp#27;[0;39m &amp#27;[2m:&amp#27;[0;39m Fetching config from server at : http://localhost:9101
&amp#27;[2m2024-04-22T17:09:42.338+02:00&amp#27;[0;39m &amp#27;[32m INFO&amp#27;[0;39m &amp#27;[35m4481&amp#27;[0;39m &amp#27;[2m---&amp#27;[0;39m &amp#27;[2m[zuul-server] [           main]&amp#27;[0;39m &amp#27;[2m&amp#27;[0;39m&amp#27;[36mc.c.c.ConfigServicePropertySourceLocator&amp#27;[0;39m &amp#27;[2m:&amp#27;[0;39m Located environment: name=zuul-server, profiles=[default], label=null, version=da0a65f7e92ce0585902e95e917de3433212f2d5, state=null
&amp#27;[2m2024-04-22T17:09:42.339+02:00&amp#27;[0;39m &amp#27;[32m INFO&amp#27;[0;39m &amp#27;[35m4481&amp#27;[0;39m &amp#27;[2m---&amp#27;[0;39m &amp#27;[2m[zuul-server] [           main]&amp#27;[0;39m &amp#27;[2m&amp#27;[0;39m&amp#27;[36mb.c.PropertySourceBootstrapConfiguration&amp#27;[0;39m &amp#27;[2m:&amp#27;[0;39m Located property source: [BootstrapPropertySource {name='bootstrapProperties-configClient'}, BootstrapPropertySource {name='bootstrapProperties-https://github.com/mayel15/config-server-repo.git/zuul-server.properties'}]
&amp#27;[2m2024-04-22T17:09:42.349+02:00&amp#27;[0;39m &amp#27;[32m INFO&amp#27;[0;39m &amp#27;[35m4481&amp#27;[0;39m &amp#27;[2m---&amp#27;[0;39m &amp#27;[2m[zuul-server] [           main]&amp#27;[0;39m &amp#27;[2m&amp#27;[0;39m&amp#27;[36mc.f.z.ZuulServerApplicationTests        &amp#27;[0;39m &amp#27;[2m:&amp#27;[0;39m No active profile set, falling back to 1 default profile: "default"
&amp#27;[2m2024-04-22T17:09:42.673+02:00&amp#27;[0;39m &amp#27;[32m INFO&amp#27;[0;39m &amp#27;[35m4481&amp#27;[0;39m &amp#27;[2m---&amp#27;[0;39m &amp#27;[2m[zuul-server] [           main]&amp#27;[0;39m &amp#27;[2m&amp#27;[0;39m&amp#27;[36mo.s.cloud.context.scope.GenericScope    &amp#27;[0;39m &amp#27;[2m:&amp#27;[0;39m BeanFactory id=aef6598f-2712-33f1-a3df-d6936da805dd
&amp#27;[2m2024-04-22T17:09:42.768+02:00&amp#27;[0;39m &amp#27;[33m WARN&amp#27;[0;39m &amp#27;[35m4481&amp#27;[0;39m &amp#27;[2m---&amp#27;[0;39m &amp#27;[2m[zuul-server] [           main]&amp#27;[0;39m &amp#27;[2m&amp#27;[0;39m&amp#27;[36mtrationDelegate$BeanPostProcessorChecker&amp#27;[0;39m &amp#27;[2m:&amp#27;[0;39m Bean 'org.springframework.cloud.client.loadbalancer.LoadBalancerAutoConfiguration$DeferringLoadBalancerInterceptorConfig' of type [org.springframework.cloud.client.loadbalancer.LoadBalancerAutoConfiguration$DeferringLoadBalancerInterceptorConfig] is not eligible for getting processed by all BeanPostProcessors (for example: not eligible for auto-proxying). The currently created BeanPostProcessor [lbRestClientPostProcessor] is declared through a non-static factory method on that class; consider declaring it as static instead.
&amp#27;[2m2024-04-22T17:09:42.769+02:00&amp#27;[0;39m &amp#27;[33m WARN&amp#27;[0;39m &amp#27;[35m4481&amp#27;[0;39m &amp#27;[2m---&amp#27;[0;39m &amp#27;[2m[zuul-server] [           main]&amp#27;[0;39m &amp#27;[2m&amp#27;[0;39m&amp#27;[36mtrationDelegate$BeanPostProcessorChecker&amp#27;[0;39m &amp#27;[2m:&amp#27;[0;39m Bean 'deferringLoadBalancerInterceptor' of type [org.springframework.cloud.client.loadbalancer.DeferringLoadBalancerInterceptor] is not eligible for getting processed by all BeanPostProcessors (for example: not eligible for auto-proxying). Is this bean getting eagerly injected into a currently created BeanPostProcessor [lbRestClientPostProcessor]? Check the corresponding BeanPostProcessor declaration and its dependencies.
&amp#27;[2m2024-04-22T17:09:43.281+02:00&amp#27;[0;39m &amp#27;[32m INFO&amp#27;[0;39m &amp#27;[35m4481&amp#27;[0;39m &amp#27;[2m---&amp#27;[0;39m &amp#27;[2m[zuul-server] [           main]&amp#27;[0;39m &amp#27;[2m&amp#27;[0;39m&amp#27;[36mDiscoveryClientOptionalArgsConfiguration&amp#27;[0;39m &amp#27;[2m:&amp#27;[0;39m Eureka HTTP Client uses RestTemplate.
&amp#27;[2m2024-04-22T17:09:43.301+02:00&amp#27;[0;39m &amp#27;[33m WARN&amp#27;[0;39m &amp#27;[35m4481&amp#27;[0;39m &amp#27;[2m---&amp#27;[0;39m &amp#27;[2m[zuul-server] [           main]&amp#27;[0;39m &amp#27;[2m&amp#27;[0;39m&amp#27;[36miguration$LoadBalancerCaffeineWarnLogger&amp#27;[0;39m &amp#27;[2m:&amp#27;[0;39m Spring Cloud LoadBalancer is currently working with the default cache. While this cache implementation is useful for development and tests, it's recommended to use Caffeine cache in production.You can switch to using Caffeine cache, by adding it and org.springframework.cache.caffeine.CaffeineCacheManager to the classpath.
&amp#27;[2m2024-04-22T17:09:43.306+02:00&amp#27;[0;39m &amp#27;[32m INFO&amp#27;[0;39m &amp#27;[35m4481&amp#27;[0;39m &amp#27;[2m---&amp#27;[0;39m &amp#27;[2m[zuul-server] [           main]&amp#27;[0;39m &amp#27;[2m&amp#27;[0;39m&amp#27;[36mo.s.b.a.e.web.EndpointLinksResolver     &amp#27;[0;39m &amp#27;[2m:&amp#27;[0;39m Exposing 16 endpoint(s) beneath base path '/actuator'
&amp#27;[2m2024-04-22T17:09:43.334+02:00&amp#27;[0;39m &amp#27;[32m INFO&amp#27;[0;39m &amp#27;[35m4481&amp#27;[0;39m &amp#27;[2m---&amp#27;[0;39m &amp#27;[2m[zuul-server] [           main]&amp#27;[0;39m &amp#27;[2m&amp#27;[0;39m&amp#27;[36mo.s.c.n.eureka.InstanceInfoFactory      &amp#27;[0;39m &amp#27;[2m:&amp#27;[0;39m Setting initial instance status as: STARTING
&amp#27;[2m2024-04-22T17:09:43.380+02:00&amp#27;[0;39m &amp#27;[32m INFO&amp#27;[0;39m &amp#27;[35m4481&amp#27;[0;39m &amp#27;[2m---&amp#27;[0;39m &amp#27;[2m[zuul-server] [           main]&amp#27;[0;39m &amp#27;[2m&amp#27;[0;39m&amp#27;[36mcom.netflix.discovery.DiscoveryClient   &amp#27;[0;39m &amp#27;[2m:&amp#27;[0;39m Initializing Eureka in region us-east-1
&amp#27;[2m2024-04-22T17:09:43.382+02:00&amp#27;[0;39m &amp#27;[32m INFO&amp#27;[0;39m &amp#27;[35m4481&amp#27;[0;39m &amp#27;[2m---&amp#27;[0;39m &amp#27;[2m[zuul-server] [           main]&amp#27;[0;39m &amp#27;[2m&amp#27;[0;39m&amp#27;[36mc.n.d.s.r.aws.ConfigClusterResolver     &amp#27;[0;39m &amp#27;[2m:&amp#27;[0;39m Resolving eureka endpoints via configuration
&amp#27;[2m2024-04-22T17:09:43.393+02:00&amp#27;[0;39m &amp#27;[32m INFO&amp#27;[0;39m &amp#27;[35m4481&amp#27;[0;39m &amp#27;[2m---&amp#27;[0;39m &amp#27;[2m[zuul-server] [           main]&amp#27;[0;39m &amp#27;[2m&amp#27;[0;39m&amp#27;[36mcom.netflix.discovery.DiscoveryClient   &amp#27;[0;39m &amp#27;[2m:&amp#27;[0;39m Disable delta property : false
&amp#27;[2m2024-04-22T17:09:43.393+02:00&amp#27;[0;39m &amp#27;[32m INFO&amp#27;[0;39m &amp#27;[35m4481&amp#27;[0;39m &amp#27;[2m---&amp#27;[0;39m &amp#27;[2m[zuul-server] [           main]&amp#27;[0;39m &amp#27;[2m&amp#27;[0;39m&amp#27;[36mcom.netflix.discovery.DiscoveryClient   &amp#27;[0;39m &amp#27;[2m:&amp#27;[0;39m Single vip registry refresh property : null
&amp#27;[2m2024-04-22T17:09:43.393+02:00&amp#27;[0;39m &amp#27;[32m INFO&amp#27;[0;39m &amp#27;[35m4481&amp#27;[0;39m &amp#27;[2m---&amp#27;[0;39m &amp#27;[2m[zuul-server] [           main]&amp#27;[0;39m &amp#27;[2m&amp#27;[0;39m&amp#27;[36mcom.netflix.discovery.DiscoveryClient   &amp#27;[0;39m &amp#27;[2m:&amp#27;[0;39m Force full registry fetch : false
&amp#27;[2m2024-04-22T17:09:43.393+02:00&amp#27;[0;39m &amp#27;[32m INFO&amp#27;[0;39m &amp#27;[35m4481&amp#27;[0;39m &amp#27;[2m---&amp#27;[0;39m &amp#27;[2m[zuul-server] [           main]&amp#27;[0;39m &amp#27;[2m&amp#27;[0;39m&amp#27;[36mcom.netflix.discovery.DiscoveryClient   &amp#27;[0;39m &amp#27;[2m:&amp#27;[0;39m Application is null : false
&amp#27;[2m2024-04-22T17:09:43.393+02:00&amp#27;[0;39m &amp#27;[32m INFO&amp#27;[0;39m &amp#27;[35m4481&amp#27;[0;39m &amp#27;[2m---&amp#27;[0;39m &amp#27;[2m[zuul-server] [           main]&amp#27;[0;39m &amp#27;[2m&amp#27;[0;39m&amp#27;[36mcom.netflix.discovery.DiscoveryClient   &amp#27;[0;39m &amp#27;[2m:&amp#27;[0;39m Registered Applications size is zero : true
&amp#27;[2m2024-04-22T17:09:43.393+02:00&amp#27;[0;39m &amp#27;[32m INFO&amp#27;[0;39m &amp#27;[35m4481&amp#27;[0;39m &amp#27;[2m---&amp#27;[0;39m &amp#27;[2m[zuul-server] [           main]&amp#27;[0;39m &amp#27;[2m&amp#27;[0;39m&amp#27;[36mcom.netflix.discovery.DiscoveryClient   &amp#27;[0;39m &amp#27;[2m:&amp#27;[0;39m Application version is -1: true
&amp#27;[2m2024-04-22T17:09:43.393+02:00&amp#27;[0;39m &amp#27;[32m INFO&amp#27;[0;39m &amp#27;[35m4481&amp#27;[0;39m &amp#27;[2m---&amp#27;[0;39m &amp#27;[2m[zuul-server] [           main]&amp#27;[0;39m &amp#27;[2m&amp#27;[0;39m&amp#27;[36mcom.netflix.discovery.DiscoveryClient   &amp#27;[0;39m &amp#27;[2m:&amp#27;[0;39m Getting all instance registry info from the eureka server
&amp#27;[2m2024-04-22T17:09:43.526+02:00&amp#27;[0;39m &amp#27;[32m INFO&amp#27;[0;39m &amp#27;[35m4481&amp#27;[0;39m &amp#27;[2m---&amp#27;[0;39m &amp#27;[2m[zuul-server] [           main]&amp#27;[0;39m &amp#27;[2m&amp#27;[0;39m&amp#27;[36mcom.netflix.discovery.DiscoveryClient   &amp#27;[0;39m &amp#27;[2m:&amp#27;[0;39m The response status is 200
&amp#27;[2m2024-04-22T17:09:43.528+02:00&amp#27;[0;39m &amp#27;[32m INFO&amp#27;[0;39m &amp#27;[35m4481&amp#27;[0;39m &amp#27;[2m---&amp#27;[0;39m &amp#27;[2m[zuul-server] [           main]&amp#27;[0;39m &amp#27;[2m&amp#27;[0;39m&amp#27;[36mcom.netflix.discovery.DiscoveryClient   &amp#27;[0;39m &amp#27;[2m:&amp#27;[0;39m Starting heartbeat executor: renew interval is: 30
&amp#27;[2m2024-04-22T17:09:43.528+02:00&amp#27;[0;39m &amp#27;[32m INFO&amp#27;[0;39m &amp#27;[35m4481&amp#27;[0;39m &amp#27;[2m---&amp#27;[0;39m &amp#27;[2m[zuul-server] [           main]&amp#27;[0;39m &amp#27;[2m&amp#27;[0;39m&amp#27;[36mc.n.discovery.InstanceInfoReplicator    &amp#27;[0;39m &amp#27;[2m:&amp#27;[0;39m InstanceInfoReplicator onDemand update allowed rate per min is 4
&amp#27;[2m2024-04-22T17:09:43.530+02:00&amp#27;[0;39m &amp#27;[32m INFO&amp#27;[0;39m &amp#27;[35m4481&amp#27;[0;39m &amp#27;[2m---&amp#27;[0;39m &amp#27;[2m[zuul-server] [           main]&amp#27;[0;39m &amp#27;[2m&amp#27;[0;39m&amp#27;[36mcom.netflix.discovery.DiscoveryClient   &amp#27;[0;39m &amp#27;[2m:&amp#27;[0;39m Discovery Client initialized at timestamp 1713798583530 with initial instances count: 5
&amp#27;[2m2024-04-22T17:09:43.534+02:00&amp#27;[0;39m &amp#27;[32m INFO&amp#27;[0;39m &amp#27;[35m4481&amp#27;[0;39m &amp#27;[2m---&amp#27;[0;39m &amp#27;[2m[zuul-server] [           main]&amp#27;[0;39m &amp#27;[2m&amp#27;[0;39m&amp#27;[36mo.s.c.n.e.s.EurekaServiceRegistry       &amp#27;[0;39m &amp#27;[2m:&amp#27;[0;39m Registering application ZUUL-SERVER with eureka with status UP
&amp#27;[2m2024-04-22T17:09:43.534+02:00&amp#27;[0;39m &amp#27;[32m INFO&amp#27;[0;39m &amp#27;[35m4481&amp#27;[0;39m &amp#27;[2m---&amp#27;[0;39m &amp#27;[2m[zuul-server] [           main]&amp#27;[0;39m &amp#27;[2m&amp#27;[0;39m&amp#27;[36mcom.netflix.discovery.DiscoveryClient   &amp#27;[0;39m &amp#27;[2m:&amp#27;[0;39m Saw local status change event StatusChangeEvent [timestamp=1713798583534, current=UP, previous=STARTING]
&amp#27;[2m2024-04-22T17:09:43.534+02:00&amp#27;[0;39m &amp#27;[32m INFO&amp#27;[0;39m &amp#27;[35m4481&amp#27;[0;39m &amp#27;[2m---&amp#27;[0;39m &amp#27;[2m[zuul-server] [nfoReplicator-0]&amp#27;[0;39m &amp#27;[2m&amp#27;[0;39m&amp#27;[36mcom.netflix.discovery.DiscoveryClient   &amp#27;[0;39m &amp#27;[2m:&amp#27;[0;39m DiscoveryClient_ZUUL-SERVER/10.192.154.147:zuul-server:9004: registering service...
&amp#27;[2m2024-04-22T17:09:43.544+02:00&amp#27;[0;39m &amp#27;[32m INFO&amp#27;[0;39m &amp#27;[35m4481&amp#27;[0;39m &amp#27;[2m---&amp#27;[0;39m &amp#27;[2m[zuul-server] [           main]&amp#27;[0;39m &amp#27;[2m&amp#27;[0;39m&amp#27;[36mc.f.z.ZuulServerApplicationTests        &amp#27;[0;39m &amp#27;[2m:&amp#27;[0;39m Started ZuulServerApplicationTests in 2.082 seconds (process running for 2.537)
&amp#27;[2m2024-04-22T17:09:43.559+02:00&amp#27;[0;39m &amp#27;[32m INFO&amp#27;[0;39m &amp#27;[35m4481&amp#27;[0;39m &amp#27;[2m---&amp#27;[0;39m &amp#27;[2m[zuul-server] [nfoReplicator-0]&amp#27;[0;39m &amp#27;[2m&amp#27;[0;39m&amp#27;[36mcom.netflix.discovery.DiscoveryClient   &amp#27;[0;39m &amp#27;[2m:&amp#27;[0;39m DiscoveryClient_ZUUL-SERVER/10.192.154.147:zuul-server:9004 - registration status: 204
]]></system-out>
    <system-err><![CDATA[WARNING: A Java agent has been loaded dynamically (/Users/papemayeldiagnethiam/.m2/repository/net/bytebuddy/byte-buddy-agent/1.14.13/byte-buddy-agent-1.14.13.jar)
WARNING: If a serviceability tool is in use, please run with -XX:+EnableDynamicAgentLoading to hide this warning
WARNING: If a serviceability tool is not in use, please run with -Djdk.instrument.traceUsage for more information
WARNING: Dynamic loading of agents will be disallowed by default in a future release
]]></system-err>
  </testcase>
</testsuite>